<?xml version="1.0" encoding="UTF-8"?>
<!-- Generated by org.testng.reporters.JUnitReportReporter -->
<testsuite hostname="INCBEWRK087" failures="0" tests="1" name="testCases.LoginToDimension" time="0.380" errors="0" timestamp="2024-06-17T17:38:17 IST" skipped="0">
  <testcase classname="testCases.LoginToDimension" name="verifyLogin" time="0.380"/>
  <system-out/>
</testsuite> <!-- testCases.LoginToDimension -->
