<?xml version="1.0" encoding="UTF-8"?>
<!-- Generated by org.testng.reporters.JUnitReportReporter -->
<testsuite hostname="INCBEWRK087" failures="0" tests="1" name="testCases.LoginToDimension" time="0.383" errors="0" timestamp="2024-06-15T09:58:04 IST" skipped="0">
  <testcase classname="testCases.LoginToDimension" name="verifyLogin" time="0.383"/>
  <system-out/>
</testsuite> <!-- testCases.LoginToDimension -->
