<?xml version="1.0" encoding="UTF-8"?>
<!-- Generated by org.testng.reporters.JUnitReportReporter -->
<testsuite hostname="INCBEWRK087" failures="0" tests="1" name="testCases.WorkcenterOrder" time="9.195" errors="0" timestamp="2024-06-14T17:24:21 IST" skipped="0">
  <testcase classname="testCases.WorkcenterOrder" name="workCenterOrder" time="9.195"/>
  <system-out/>
</testsuite> <!-- testCases.WorkcenterOrder -->
