<?xml version="1.0" encoding="UTF-8"?>
<!-- Generated by org.testng.reporters.JUnitReportReporter -->
<testsuite hostname="INCBEWRK087" failures="0" tests="1" name="testCases.SubConBooking" time="0.000" errors="0" timestamp="2024-06-17T15:14:17 IST" skipped="1">
  <testcase classname="testCases.SubConBooking" name="newSubConBooking" time="0.000">
    <skipped/>
  </testcase> <!-- newSubConBooking -->
  <system-out/>
</testsuite> <!-- testCases.SubConBooking -->
