<?xml version="1.0" encoding="UTF-8"?>
<!-- Generated by org.testng.reporters.JUnitReportReporter -->
<testsuite hostname="INCBEWRK087" failures="0" tests="1" name="testCases.SubConBooking" time="12.167" errors="0" timestamp="2024-06-13T18:14:48 IST" skipped="0">
  <testcase classname="testCases.SubConBooking" name="newSubConBooking" time="12.167"/>
  <system-out/>
</testsuite> <!-- testCases.SubConBooking -->
