<?xml version="1.0" encoding="UTF-8"?>
<!-- Generated by org.testng.reporters.JUnitReportReporter -->
<testsuite hostname="INCBEWRK087" failures="0" tests="1" name="testCases.WorkcenterOrder" time="9.095" errors="0" timestamp="2024-06-13T18:14:48 IST" skipped="0">
  <testcase classname="testCases.WorkcenterOrder" name="workCenterOrder" time="9.095"/>
  <system-out/>
</testsuite> <!-- testCases.WorkcenterOrder -->
