<?xml version="1.0" encoding="UTF-8"?>
<!-- Generated by org.testng.reporters.JUnitReportReporter -->
<testsuite hostname="INCBEWRK087" failures="0" tests="1" name="testCases.OrderDetails" time="3.288" errors="0" timestamp="2024-06-13T18:14:48 IST" skipped="0">
  <testcase classname="testCases.OrderDetails" name="workCenterDetails" time="3.288"/>
  <system-out/>
</testsuite> <!-- testCases.OrderDetails -->
