<?xml version="1.0" encoding="UTF-8"?>
<!-- Generated by org.testng.reporters.JUnitReportReporter -->
<testsuite hostname="INCBEWRK087" failures="0" tests="4" name="testCases.WorkcenterOrder" time="18.271" errors="0" timestamp="2024-06-18T17:13:46 IST" skipped="0">
  <testcase classname="testCases.WorkcenterOrder" name="workCenterOrder" time="8.256"/>
  <system-out/>
  <testcase classname="testCases.WorkcenterOrder" name="workCenterOrder" time="8.480"/>
  <system-out/>
  <testcase classname="testCases.WorkcenterOrder" name="login" time="0.143"/>
  <system-out/>
  <testcase classname="testCases.WorkcenterOrder" name="login" time="1.392"/>
  <system-out/>
</testsuite> <!-- testCases.WorkcenterOrder -->
